[2024-04-04 12:43:22.639 +05:30  INF]  Now listening on: https://localhost:7094
[2024-04-04 12:43:22.686 +05:30  INF]  Now listening on: http://localhost:5132
[2024-04-04 12:43:22.692 +05:30  INF]  Application started. Press Ctrl+C to shut down.
[2024-04-04 12:43:22.696 +05:30  INF]  Hosting environment: Development
[2024-04-04 12:43:22.702 +05:30  INF]  Content root path: C:\Users\akash\Desktop\CoPartnerAPI\ExpertsService
[2024-04-04 12:43:23.012 +05:30  INF]  Request starting HTTP/2 GET https://localhost:7094/swagger - null null
[2024-04-04 12:43:23.122 +05:30  INF]  Request finished HTTP/2 GET https://localhost:7094/swagger - 301 0 null 122.6164ms
[2024-04-04 12:43:23.127 +05:30  INF]  Request starting HTTP/2 GET https://localhost:7094/swagger/index.html - null null
[2024-04-04 12:43:23.226 +05:30  INF]  Request starting HTTP/2 GET https://localhost:7094/swagger/swagger-ui.css - null null
[2024-04-04 12:43:23.226 +05:30  INF]  Request starting HTTP/2 GET https://localhost:7094/swagger/swagger-ui-bundle.js - null null
[2024-04-04 12:43:23.226 +05:30  INF]  Request starting HTTP/2 GET https://localhost:7094/swagger/swagger-ui-standalone-preset.js - null null
[2024-04-04 12:43:23.227 +05:30  INF]  Request finished HTTP/2 GET https://localhost:7094/swagger/index.html - 200 null text/html;charset=utf-8 100.5615ms
[2024-04-04 12:43:23.230 +05:30  INF]  Request starting HTTP/2 GET https://localhost:7094/_vs/browserLink - null null
[2024-04-04 12:43:23.230 +05:30  INF]  Request starting HTTP/2 GET https://localhost:7094/_framework/aspnetcore-browser-refresh.js - null null
[2024-04-04 12:43:23.264 +05:30  INF]  Request finished HTTP/2 GET https://localhost:7094/_framework/aspnetcore-browser-refresh.js - 200 13764 application/javascript; charset=utf-8 33.3682ms
[2024-04-04 12:43:23.270 +05:30  INF]  Sending file. Request path: '/swagger-ui.css'. Physical path: 'N/A'
[2024-04-04 12:43:23.292 +05:30  INF]  Sending file. Request path: '/swagger-ui-standalone-preset.js'. Physical path: 'N/A'
[2024-04-04 12:43:23.343 +05:30  INF]  Sending file. Request path: '/swagger-ui-bundle.js'. Physical path: 'N/A'
[2024-04-04 12:43:23.346 +05:30  INF]  Request finished HTTP/2 GET https://localhost:7094/swagger/swagger-ui-standalone-preset.js - 200 339486 text/javascript 120.7495ms
[2024-04-04 12:43:23.349 +05:30  INF]  Request finished HTTP/2 GET https://localhost:7094/swagger/swagger-ui.css - 200 143943 text/css 123.8166ms
[2024-04-04 12:43:23.359 +05:30  INF]  Request finished HTTP/2 GET https://localhost:7094/swagger/swagger-ui-bundle.js - 200 1096145 text/javascript 132.8012ms
[2024-04-04 12:43:23.364 +05:30  INF]  Request finished HTTP/2 GET https://localhost:7094/_vs/browserLink - 200 null text/javascript; charset=UTF-8 134.39ms
[2024-04-04 12:43:23.544 +05:30  INF]  Request starting HTTP/2 GET https://localhost:7094/swagger/v1/swagger.json - null null
[2024-04-04 12:43:23.567 +05:30  INF]  Request starting HTTP/2 GET https://localhost:7094/swagger/favicon-32x32.png - null null
[2024-04-04 12:43:23.579 +05:30  INF]  Sending file. Request path: '/favicon-32x32.png'. Physical path: 'N/A'
[2024-04-04 12:43:23.586 +05:30  INF]  Request finished HTTP/2 GET https://localhost:7094/swagger/favicon-32x32.png - 200 628 image/png 19.6743ms
[2024-04-04 12:43:23.721 +05:30  INF]  Request finished HTTP/2 GET https://localhost:7094/swagger/v1/swagger.json - 200 null application/json;charset=utf-8 177.5849ms
[2024-04-04 12:43:29.951 +05:30  INF]  Request starting HTTP/2 GET https://localhost:7094/api/Experts - null null
[2024-04-04 12:43:30.003 +05:30  INF]  Executing endpoint 'ExpertService.Controllers.ExpertsController.Get (ExpertsService)'
[2024-04-04 12:43:30.022 +05:30  INF]  Route matched with {action = "Get", controller = "Experts"}. Executing controller action with signature System.Threading.Tasks.Task`1[System.Object] Get() on controller ExpertService.Controllers.ExpertsController (ExpertsService).
[2024-04-04 12:43:30.159 +05:30  INF]  Executing action method ExpertService.Controllers.ExpertsController.Get (ExpertsService) - Validation state: "Valid"
[2024-04-04 12:43:32.801 +05:30  INF]  Fetching Experts Data..
[2024-04-04 12:43:35.975 +05:30  INF]  Executed action method ExpertService.Controllers.ExpertsController.Get (ExpertsService), returned result Microsoft.AspNetCore.Mvc.OkObjectResult in 5808.9398ms.
[2024-04-04 12:43:35.985 +05:30  INF]  Executing OkObjectResult, writing value of type 'CommonLibrary.CommonDTOs.ResponseDto'.
[2024-04-04 12:43:36.064 +05:30  INF]  Executed action ExpertService.Controllers.ExpertsController.Get (ExpertsService) in 6029.1122ms
[2024-04-04 12:43:36.070 +05:30  INF]  Executed endpoint 'ExpertService.Controllers.ExpertsController.Get (ExpertsService)'
[2024-04-04 12:43:36.077 +05:30  INF]  Request finished HTTP/2 GET https://localhost:7094/api/Experts - 200 92 application/json; charset=utf-8 6126.67ms
[2024-04-04 12:49:20.388 +05:30  INF]  Now listening on: https://localhost:7094
[2024-04-04 12:49:20.420 +05:30  INF]  Now listening on: http://localhost:5132
[2024-04-04 12:49:20.424 +05:30  INF]  Application started. Press Ctrl+C to shut down.
[2024-04-04 12:49:20.427 +05:30  INF]  Hosting environment: Development
[2024-04-04 12:49:20.429 +05:30  INF]  Content root path: C:\Users\akash\Desktop\CoPartnerAPI\ExpertsService
[2024-04-04 12:49:20.795 +05:30  INF]  Request starting HTTP/2 GET https://localhost:7094/swagger - null null
[2024-04-04 12:49:20.948 +05:30  INF]  Request finished HTTP/2 GET https://localhost:7094/swagger - 301 0 null 177.9069ms
[2024-04-04 12:49:20.955 +05:30  INF]  Request starting HTTP/2 GET https://localhost:7094/swagger/index.html - null null
[2024-04-04 12:49:21.141 +05:30  INF]  Request finished HTTP/2 GET https://localhost:7094/swagger/index.html - 200 null text/html;charset=utf-8 186.4541ms
[2024-04-04 12:49:21.169 +05:30  INF]  Request starting HTTP/2 GET https://localhost:7094/swagger/swagger-ui-bundle.js - null null
[2024-04-04 12:49:21.169 +05:30  INF]  Request starting HTTP/2 GET https://localhost:7094/swagger/swagger-ui.css - null null
[2024-04-04 12:49:21.169 +05:30  INF]  Request starting HTTP/2 GET https://localhost:7094/swagger/swagger-ui-standalone-preset.js - null null
[2024-04-04 12:49:21.240 +05:30  INF]  Sending file. Request path: '/swagger-ui-standalone-preset.js'. Physical path: 'N/A'
[2024-04-04 12:49:21.240 +05:30  INF]  Sending file. Request path: '/swagger-ui.css'. Physical path: 'N/A'
[2024-04-04 12:49:21.241 +05:30  INF]  Sending file. Request path: '/swagger-ui-bundle.js'. Physical path: 'N/A'
[2024-04-04 12:49:21.245 +05:30  INF]  Request finished HTTP/2 GET https://localhost:7094/swagger/swagger-ui-standalone-preset.js - 200 339486 text/javascript 76.1943ms
[2024-04-04 12:49:21.247 +05:30  INF]  Request finished HTTP/2 GET https://localhost:7094/swagger/swagger-ui-bundle.js - 200 1096145 text/javascript 78.67ms
[2024-04-04 12:49:21.271 +05:30  INF]  Request finished HTTP/2 GET https://localhost:7094/swagger/swagger-ui.css - 200 143943 text/css 102.3151ms
[2024-04-04 12:49:21.297 +05:30  INF]  Request starting HTTP/2 GET https://localhost:7094/_framework/aspnetcore-browser-refresh.js - null null
[2024-04-04 12:49:21.297 +05:30  INF]  Request starting HTTP/2 GET https://localhost:7094/_vs/browserLink - null null
[2024-04-04 12:49:21.308 +05:30  INF]  Request finished HTTP/2 GET https://localhost:7094/_framework/aspnetcore-browser-refresh.js - 200 13764 application/javascript; charset=utf-8 10.7662ms
[2024-04-04 12:49:21.348 +05:30  INF]  Request finished HTTP/2 GET https://localhost:7094/_vs/browserLink - 200 null text/javascript; charset=UTF-8 50.9213ms
[2024-04-04 12:49:21.787 +05:30  INF]  Request starting HTTP/2 GET https://localhost:7094/swagger/v1/swagger.json - null null
[2024-04-04 12:49:21.824 +05:30  INF]  Request starting HTTP/2 GET https://localhost:7094/swagger/favicon-32x32.png - null null
[2024-04-04 12:49:21.841 +05:30  INF]  Sending file. Request path: '/favicon-32x32.png'. Physical path: 'N/A'
[2024-04-04 12:49:21.853 +05:30  INF]  Request finished HTTP/2 GET https://localhost:7094/swagger/favicon-32x32.png - 200 628 image/png 29.2386ms
[2024-04-04 12:49:21.943 +05:30  INF]  Request finished HTTP/2 GET https://localhost:7094/swagger/v1/swagger.json - 200 null application/json;charset=utf-8 156.1331ms
[2024-04-04 12:53:53.973 +05:30  INF]  Request starting HTTP/2 POST https://localhost:7094/api/Experts - application/json-patch+json 355
[2024-04-04 12:53:53.990 +05:30  INF]  CORS policy execution successful.
[2024-04-04 12:53:54.025 +05:30  INF]  Executing endpoint 'ExpertService.Controllers.ExpertsController.Post (ExpertsService)'
[2024-04-04 12:53:54.054 +05:30  INF]  Route matched with {action = "Post", controller = "Experts"}. Executing controller action with signature System.Threading.Tasks.Task`1[System.Object] Post(ExpertService.Dtos.ExpertsCreateDto) on controller ExpertService.Controllers.ExpertsController (ExpertsService).
[2024-04-04 12:53:54.300 +05:30  INF]  Executing action method ExpertService.Controllers.ExpertsController.Post (ExpertsService) - Validation state: "Valid"
[2024-04-04 12:53:54.434 +05:30  INF]  Executed action ExpertService.Controllers.ExpertsController.Post (ExpertsService) in 370.8497ms
[2024-04-04 12:53:54.438 +05:30  INF]  Executed endpoint 'ExpertService.Controllers.ExpertsController.Post (ExpertsService)'
[2024-04-04 12:53:54.496 +05:30  INF]  Request finished HTTP/2 POST https://localhost:7094/api/Experts - 500 null application/json 524.0606ms
[2024-04-04 12:54:38.986 +05:30  INF]  Request starting HTTP/2 POST https://localhost:7094/api/Experts - application/json-patch+json 355
[2024-04-04 12:54:38.999 +05:30  INF]  CORS policy execution successful.
[2024-04-04 12:54:39.002 +05:30  INF]  Executing endpoint 'ExpertService.Controllers.ExpertsController.Post (ExpertsService)'
[2024-04-04 12:54:39.005 +05:30  INF]  Route matched with {action = "Post", controller = "Experts"}. Executing controller action with signature System.Threading.Tasks.Task`1[System.Object] Post(ExpertService.Dtos.ExpertsCreateDto) on controller ExpertService.Controllers.ExpertsController (ExpertsService).
[2024-04-04 12:54:39.010 +05:30  INF]  Executing action method ExpertService.Controllers.ExpertsController.Post (ExpertsService) - Validation state: "Valid"
[2024-04-04 12:55:40.330 +05:30  INF]  Now listening on: https://localhost:7094
[2024-04-04 12:55:40.363 +05:30  INF]  Now listening on: http://localhost:5132
[2024-04-04 12:55:40.367 +05:30  INF]  Application started. Press Ctrl+C to shut down.
[2024-04-04 12:55:40.368 +05:30  INF]  Hosting environment: Development
[2024-04-04 12:55:40.371 +05:30  INF]  Content root path: C:\Users\akash\Desktop\CoPartnerAPI\ExpertsService
[2024-04-04 12:55:41.032 +05:30  INF]  Request starting HTTP/2 GET https://localhost:7094/swagger/index.html - null null
[2024-04-04 12:55:41.202 +05:30  INF]  Request finished HTTP/2 GET https://localhost:7094/swagger/index.html - 200 null text/html;charset=utf-8 189.747ms
[2024-04-04 12:55:41.307 +05:30  INF]  Request starting HTTP/2 GET https://localhost:7094/_framework/aspnetcore-browser-refresh.js - null null
[2024-04-04 12:55:41.307 +05:30  INF]  Request starting HTTP/2 GET https://localhost:7094/_vs/browserLink - null null
[2024-04-04 12:55:41.324 +05:30  INF]  Request finished HTTP/2 GET https://localhost:7094/_framework/aspnetcore-browser-refresh.js - 200 13764 application/javascript; charset=utf-8 17.1654ms
[2024-04-04 12:55:41.371 +05:30  INF]  Request finished HTTP/2 GET https://localhost:7094/_vs/browserLink - 200 null text/javascript; charset=UTF-8 63.6169ms
[2024-04-04 12:55:41.798 +05:30  INF]  Request starting HTTP/2 GET https://localhost:7094/swagger/v1/swagger.json - null null
[2024-04-04 12:55:41.948 +05:30  INF]  Request finished HTTP/2 GET https://localhost:7094/swagger/v1/swagger.json - 200 null application/json;charset=utf-8 150.1657ms
[2024-04-04 12:56:57.945 +05:30  INF]  Request starting HTTP/2 POST https://localhost:7094/api/Experts - application/json-patch+json 351
[2024-04-04 12:56:57.959 +05:30  INF]  CORS policy execution successful.
[2024-04-04 12:56:57.992 +05:30  INF]  Executing endpoint 'ExpertService.Controllers.ExpertsController.Post (ExpertsService)'
[2024-04-04 12:56:58.014 +05:30  INF]  Route matched with {action = "Post", controller = "Experts"}. Executing controller action with signature System.Threading.Tasks.Task`1[System.Object] Post(ExpertService.Dtos.ExpertsCreateDto) on controller ExpertService.Controllers.ExpertsController (ExpertsService).
[2024-04-04 12:56:58.220 +05:30  INF]  Executing BadRequestObjectResult, writing value of type 'Microsoft.AspNetCore.Mvc.ValidationProblemDetails'.
[2024-04-04 12:56:58.267 +05:30  INF]  Executed action ExpertService.Controllers.ExpertsController.Post (ExpertsService) in 242.5658ms
[2024-04-04 12:56:58.270 +05:30  INF]  Executed endpoint 'ExpertService.Controllers.ExpertsController.Post (ExpertsService)'
[2024-04-04 12:56:58.273 +05:30  INF]  Request finished HTTP/2 POST https://localhost:7094/api/Experts - 400 378 application/problem+json; charset=utf-8 328.1935ms
[2024-04-04 12:57:17.174 +05:30  INF]  Request starting HTTP/2 POST https://localhost:7094/api/Experts - application/json-patch+json 352
[2024-04-04 12:57:17.184 +05:30  INF]  CORS policy execution successful.
[2024-04-04 12:57:17.186 +05:30  INF]  Executing endpoint 'ExpertService.Controllers.ExpertsController.Post (ExpertsService)'
[2024-04-04 12:57:17.190 +05:30  INF]  Route matched with {action = "Post", controller = "Experts"}. Executing controller action with signature System.Threading.Tasks.Task`1[System.Object] Post(ExpertService.Dtos.ExpertsCreateDto) on controller ExpertService.Controllers.ExpertsController (ExpertsService).
[2024-04-04 12:57:17.202 +05:30  INF]  Executing action method ExpertService.Controllers.ExpertsController.Post (ExpertsService) - Validation state: "Valid"
[2024-04-04 12:58:45.695 +05:30  INF]  Now listening on: https://localhost:7094
[2024-04-04 12:58:45.726 +05:30  INF]  Now listening on: http://localhost:5132
[2024-04-04 12:58:45.729 +05:30  INF]  Application started. Press Ctrl+C to shut down.
[2024-04-04 12:58:45.731 +05:30  INF]  Hosting environment: Development
[2024-04-04 12:58:45.735 +05:30  INF]  Content root path: C:\Users\akash\Desktop\CoPartnerAPI\ExpertsService
[2024-04-04 12:58:46.216 +05:30  INF]  Request starting HTTP/2 GET https://localhost:7094/swagger/index.html - null null
[2024-04-04 12:58:46.452 +05:30  INF]  Request finished HTTP/2 GET https://localhost:7094/swagger/index.html - 200 null text/html;charset=utf-8 251.0912ms
[2024-04-04 12:58:46.566 +05:30  INF]  Request starting HTTP/2 GET https://localhost:7094/_framework/aspnetcore-browser-refresh.js - null null
[2024-04-04 12:58:46.566 +05:30  INF]  Request starting HTTP/2 GET https://localhost:7094/_vs/browserLink - null null
[2024-04-04 12:58:46.582 +05:30  INF]  Request finished HTTP/2 GET https://localhost:7094/_framework/aspnetcore-browser-refresh.js - 200 13764 application/javascript; charset=utf-8 16.3266ms
[2024-04-04 12:58:46.632 +05:30  INF]  Request finished HTTP/2 GET https://localhost:7094/_vs/browserLink - 200 null text/javascript; charset=UTF-8 66.201ms
[2024-04-04 12:58:46.976 +05:30  INF]  Request starting HTTP/2 GET https://localhost:7094/swagger/v1/swagger.json - null null
[2024-04-04 12:58:47.124 +05:30  INF]  Request finished HTTP/2 GET https://localhost:7094/swagger/v1/swagger.json - 200 null application/json;charset=utf-8 148.9442ms
[2024-04-04 13:00:23.535 +05:30  INF]  Now listening on: https://localhost:7094
[2024-04-04 13:00:23.572 +05:30  INF]  Now listening on: http://localhost:5132
[2024-04-04 13:00:23.575 +05:30  INF]  Application started. Press Ctrl+C to shut down.
[2024-04-04 13:00:23.577 +05:30  INF]  Hosting environment: Development
[2024-04-04 13:00:23.579 +05:30  INF]  Content root path: C:\Users\akash\Desktop\CoPartnerAPI\ExpertsService
[2024-04-04 13:00:24.013 +05:30  INF]  Request starting HTTP/2 GET https://localhost:7094/swagger/index.html - null null
[2024-04-04 13:00:24.167 +05:30  INF]  Request finished HTTP/2 GET https://localhost:7094/swagger/index.html - 200 null text/html;charset=utf-8 174.0051ms
[2024-04-04 13:00:24.310 +05:30  INF]  Request starting HTTP/2 GET https://localhost:7094/_framework/aspnetcore-browser-refresh.js - null null
[2024-04-04 13:00:24.310 +05:30  INF]  Request starting HTTP/2 GET https://localhost:7094/_vs/browserLink - null null
[2024-04-04 13:00:24.323 +05:30  INF]  Request finished HTTP/2 GET https://localhost:7094/_framework/aspnetcore-browser-refresh.js - 200 13764 application/javascript; charset=utf-8 13.3629ms
[2024-04-04 13:00:24.364 +05:30  INF]  Request finished HTTP/2 GET https://localhost:7094/_vs/browserLink - 200 null text/javascript; charset=UTF-8 55.1077ms
[2024-04-04 13:00:24.688 +05:30  INF]  Request starting HTTP/2 GET https://localhost:7094/swagger/v1/swagger.json - null null
[2024-04-04 13:00:24.857 +05:30  INF]  Request finished HTTP/2 GET https://localhost:7094/swagger/v1/swagger.json - 200 null application/json;charset=utf-8 169.8073ms
[2024-04-04 13:00:39.940 +05:30  INF]  Request starting HTTP/2 POST https://localhost:7094/api/Experts - application/json-patch+json 381
[2024-04-04 13:00:39.952 +05:30  INF]  CORS policy execution successful.
[2024-04-04 13:00:39.992 +05:30  INF]  Executing endpoint 'ExpertService.Controllers.ExpertsController.Post (ExpertsService)'
[2024-04-04 13:00:40.012 +05:30  INF]  Route matched with {action = "Post", controller = "Experts"}. Executing controller action with signature System.Threading.Tasks.Task`1[System.Object] Post(ExpertService.Dtos.ExpertsCreateDto) on controller ExpertService.Controllers.ExpertsController (ExpertsService).
[2024-04-04 13:00:40.235 +05:30  INF]  Executing action method ExpertService.Controllers.ExpertsController.Post (ExpertsService) - Validation state: "Valid"
[2024-04-04 13:01:39.957 +05:30  INF]  Now listening on: https://localhost:7094
[2024-04-04 13:01:39.991 +05:30  INF]  Now listening on: http://localhost:5132
[2024-04-04 13:01:39.994 +05:30  INF]  Application started. Press Ctrl+C to shut down.
[2024-04-04 13:01:39.996 +05:30  INF]  Hosting environment: Development
[2024-04-04 13:01:39.998 +05:30  INF]  Content root path: C:\Users\akash\Desktop\CoPartnerAPI\ExpertsService
[2024-04-04 13:01:40.331 +05:30  INF]  Request starting HTTP/2 GET https://localhost:7094/swagger/index.html - null null
[2024-04-04 13:01:40.568 +05:30  INF]  Request finished HTTP/2 GET https://localhost:7094/swagger/index.html - 200 null text/html;charset=utf-8 258.5455ms
[2024-04-04 13:01:40.684 +05:30  INF]  Request starting HTTP/2 GET https://localhost:7094/_vs/browserLink - null null
[2024-04-04 13:01:40.684 +05:30  INF]  Request starting HTTP/2 GET https://localhost:7094/_framework/aspnetcore-browser-refresh.js - null null
[2024-04-04 13:01:40.704 +05:30  INF]  Request finished HTTP/2 GET https://localhost:7094/_framework/aspnetcore-browser-refresh.js - 200 13764 application/javascript; charset=utf-8 20.5551ms
[2024-04-04 13:01:40.736 +05:30  INF]  Request finished HTTP/2 GET https://localhost:7094/_vs/browserLink - 200 null text/javascript; charset=UTF-8 52.4109ms
[2024-04-04 13:01:41.080 +05:30  INF]  Request starting HTTP/2 GET https://localhost:7094/swagger/v1/swagger.json - null null
[2024-04-04 13:01:41.233 +05:30  INF]  Request finished HTTP/2 GET https://localhost:7094/swagger/v1/swagger.json - 200 null application/json;charset=utf-8 153.5631ms
[2024-04-04 13:02:05.838 +05:30  INF]  Request starting HTTP/2 POST https://localhost:7094/api/Experts - application/json-patch+json 381
[2024-04-04 13:02:05.857 +05:30  INF]  CORS policy execution successful.
[2024-04-04 13:02:05.898 +05:30  INF]  Executing endpoint 'ExpertService.Controllers.ExpertsController.Post (ExpertsService)'
[2024-04-04 13:02:05.918 +05:30  INF]  Route matched with {action = "Post", controller = "Experts"}. Executing controller action with signature System.Threading.Tasks.Task`1[System.Object] Post(ExpertService.Dtos.ExpertsCreateDto) on controller ExpertService.Controllers.ExpertsController (ExpertsService).
[2024-04-04 13:02:06.125 +05:30  INF]  Executing action method ExpertService.Controllers.ExpertsController.Post (ExpertsService) - Validation state: "Valid"
[2024-04-04 13:02:08.843 +05:30  INF]  Executed action ExpertService.Controllers.ExpertsController.Post (ExpertsService) in 2917.3085ms
[2024-04-04 13:02:08.849 +05:30  INF]  Executed endpoint 'ExpertService.Controllers.ExpertsController.Post (ExpertsService)'
[2024-04-04 13:02:08.903 +05:30  INF]  Request finished HTTP/2 POST https://localhost:7094/api/Experts - 500 null application/json 3066.3321ms
